<?xml version="1.0" encoding="UTF-8"?>
<testng-results skipped="0" failed="0" ignored="0" total="1" passed="1">
  <reporter-output>
  </reporter-output>
  <suite name="Default suite" duration-ms="22987" started-at="2020-05-16T22:53:21 IST" finished-at="2020-05-16T22:53:44 IST">
    <groups>
    </groups>
    <test name="Default test" duration-ms="22987" started-at="2020-05-16T22:53:21 IST" finished-at="2020-05-16T22:53:44 IST">
      <class name="onlineStore.ContactUsTest">
        <test-method status="PASS" signature="setUp()[pri:0, instance:onlineStore.ContactUsTest@6ee52dcd]" name="setUp" is-config="true" duration-ms="17009" started-at="2020-05-16T22:53:21 IST" finished-at="2020-05-16T22:53:38 IST">
          <reporter-output>
          </reporter-output>
        </test-method> <!-- setUp -->
        <test-method status="PASS" signature="sendAMessage()[pri:0, instance:onlineStore.ContactUsTest@6ee52dcd]" name="sendAMessage" duration-ms="3762" started-at="2020-05-16T22:53:38 IST" finished-at="2020-05-16T22:53:41 IST">
          <reporter-output>
          </reporter-output>
        </test-method> <!-- sendAMessage -->
        <test-method status="PASS" signature="tearDown()[pri:0, instance:onlineStore.ContactUsTest@6ee52dcd]" name="tearDown" is-config="true" duration-ms="2083" started-at="2020-05-16T22:53:41 IST" finished-at="2020-05-16T22:53:44 IST">
          <reporter-output>
          </reporter-output>
        </test-method> <!-- tearDown -->
      </class> <!-- onlineStore.ContactUsTest -->
    </test> <!-- Default test -->
  </suite> <!-- Default suite -->
</testng-results>
