<?xml version="1.0" encoding="UTF-8"?>
<testng-results skipped="0" failed="0" ignored="0" total="2" passed="2">
  <reporter-output>
  </reporter-output>
  <suite name="Default suite" duration-ms="20204" started-at="2020-05-18T02:50:11 IST" finished-at="2020-05-18T02:50:31 IST">
    <groups>
    </groups>
    <test name="Default test" duration-ms="20204" started-at="2020-05-18T02:50:11 IST" finished-at="2020-05-18T02:50:31 IST">
      <class name="onlineStore.SignInPageTest">
        <test-method status="PASS" signature="setUp()[pri:0, instance:onlineStore.SignInPageTest@57e1b0c]" name="setUp" is-config="true" duration-ms="17094" started-at="2020-05-18T02:50:11 IST" finished-at="2020-05-18T02:50:28 IST">
          <reporter-output>
          </reporter-output>
        </test-method> <!-- setUp -->
        <test-method status="PASS" signature="checkSignInPageLanding()[pri:0, instance:onlineStore.SignInPageTest@57e1b0c]" name="checkSignInPageLanding" duration-ms="50" started-at="2020-05-18T02:50:28 IST" finished-at="2020-05-18T02:50:28 IST">
          <reporter-output>
          </reporter-output>
        </test-method> <!-- checkSignInPageLanding -->
        <test-method status="PASS" signature="validateExistingAccountAlert()[pri:0, instance:onlineStore.SignInPageTest@57e1b0c]" name="validateExistingAccountAlert" duration-ms="827" started-at="2020-05-18T02:50:28 IST" finished-at="2020-05-18T02:50:29 IST">
          <reporter-output>
          </reporter-output>
        </test-method> <!-- validateExistingAccountAlert -->
        <test-method status="PASS" signature="tearDown()[pri:0, instance:onlineStore.SignInPageTest@57e1b0c]" name="tearDown" is-config="true" duration-ms="2121" started-at="2020-05-18T02:50:29 IST" finished-at="2020-05-18T02:50:31 IST">
          <reporter-output>
          </reporter-output>
        </test-method> <!-- tearDown -->
      </class> <!-- onlineStore.SignInPageTest -->
    </test> <!-- Default test -->
  </suite> <!-- Default suite -->
</testng-results>
