<?xml version="1.0" encoding="UTF-8"?>
<!-- Generated by org.testng.reporters.JUnitXMLReporter -->
<testsuite hostname="LAPTOP-4DVT6KC1" ignored="0" name="Test" tests="4" failures="0" timestamp="2020-05-12T22:48:38 IST" time="58.53" errors="0">
  <testcase name="basePageNavigation" time="21.185" classname="Academy.E2EProject.HomePage_Test"/>
  <testcase name="basePageNavigation" time="10.408" classname="Academy.E2EProject.HomePage_Test"/>
  <testcase name="validateNavigate" time="0.28" classname="Academy.E2EProject.ValidateNavigationBar_Test"/>
  <testcase name="validateTitle" time="0.066" classname="Academy.E2EProject.ValidateTitle_Test"/>
</testsuite> <!-- Test -->
