<?xml version="1.0" encoding="UTF-8"?>
<testng-results skipped="0" failed="0" ignored="0" total="2" passed="2">
  <reporter-output>
  </reporter-output>
  <suite name="Default suite" duration-ms="27908" started-at="2020-05-14T02:02:33 IST" finished-at="2020-05-14T02:03:01 IST">
    <groups>
    </groups>
    <test name="Default test" duration-ms="27908" started-at="2020-05-14T02:02:33 IST" finished-at="2020-05-14T02:03:01 IST">
      <class name="Academy.E2EProject.HomePage_Test">
        <test-method status="PASS" signature="setUp()[pri:0, instance:Academy.E2EProject.HomePage_Test@528931cf]" name="setUp" is-config="true" duration-ms="7402" started-at="2020-05-14T02:02:33 IST" finished-at="2020-05-14T02:02:40 IST">
          <reporter-output>
          </reporter-output>
        </test-method> <!-- setUp -->
        <test-method status="PASS" signature="basePageNavigation(java.lang.String, java.lang.String)[pri:0, instance:Academy.E2EProject.HomePage_Test@528931cf]" name="basePageNavigation" duration-ms="10184" started-at="2020-05-14T02:02:40 IST" data-provider="getData" finished-at="2020-05-14T02:02:50 IST">
          <params>
            <param index="0">
              <value>
                <![CDATA[mohi@gmal.com]]>
              </value>
            </param>
            <param index="1">
              <value>
                <![CDATA[2135]]>
              </value>
            </param>
          </params>
          <reporter-output>
          </reporter-output>
        </test-method> <!-- basePageNavigation -->
        <test-method status="PASS" signature="basePageNavigation(java.lang.String, java.lang.String)[pri:0, instance:Academy.E2EProject.HomePage_Test@528931cf]" name="basePageNavigation" duration-ms="6114" started-at="2020-05-14T02:02:50 IST" data-provider="getData" finished-at="2020-05-14T02:02:56 IST">
          <params>
            <param index="0">
              <value>
                <![CDATA[mohit@gmal.com]]>
              </value>
            </param>
            <param index="1">
              <value>
                <![CDATA[2135w]]>
              </value>
            </param>
          </params>
          <reporter-output>
          </reporter-output>
        </test-method> <!-- basePageNavigation -->
        <test-method status="PASS" signature="tearDown()[pri:0, instance:Academy.E2EProject.HomePage_Test@528931cf]" name="tearDown" is-config="true" duration-ms="4157" started-at="2020-05-14T02:02:56 IST" finished-at="2020-05-14T02:03:01 IST">
          <reporter-output>
          </reporter-output>
        </test-method> <!-- tearDown -->
      </class> <!-- Academy.E2EProject.HomePage_Test -->
    </test> <!-- Default test -->
  </suite> <!-- Default suite -->
</testng-results>
